endGame error: CastError: Cast to ObjectId failed for value "user_redis_2" (type string) at path "_id" for model "User"
    at SchemaObjectId.cast (C:\Users\Ayan\Desktop\FSAD\Chess_game\server\node_modules\mongoose\lib\schema\objectId.js:253:11)
    at SchemaType.applySetters (C:\Users\Ayan\Desktop\FSAD\Chess_game\server\node_modules\mongoose\lib\schemaType.js:1288:12)
    at SchemaType.castForQuery (C:\Users\Ayan\Desktop\FSAD\Chess_game\server\node_modules\mongoose\lib\schemaType.js:1718:17)
    at cast (C:\Users\Ayan\Desktop\FSAD\Chess_game\server\node_modules\mongoose\lib\cast.js:390:32)
    at Query.cast (C:\Users\Ayan\Desktop\FSAD\Chess_game\server\node_modules\mongoose\lib\query.js:5060:12)
    at Query._castConditions (C:\Users\Ayan\Desktop\FSAD\Chess_game\server\node_modules\mongoose\lib\query.js:2374:10)
    at model.Query._findOne (C:\Users\Ayan\Desktop\FSAD\Chess_game\server\node_modules\mongoose\lib\query.js:2697:8)
    at model.Query.exec (C:\Users\Ayan\Desktop\FSAD\Chess_game\server\node_modules\mongoose\lib\query.js:4627:80)
    at process.processTicksAndRejections (node:internal/process/task_queues:105:5)
    at async endGame (C:\Users\Ayan\Desktop\FSAD\Chess_game\server\src\services\endGame.js:17:69) {
  stringValue: '"user_redis_2"',
  messageFormat: undefined,
  kind: 'ObjectId',
  value: 'user_redis_2',
  path: '_id',
  reason: BSONError: input must be a 24 character hex string, 12 byte Uint8Array, or an integer
      at new ObjectId (C:\Users\Ayan\Desktop\FSAD\Chess_game\server\node_modules\bson\lib\bson.cjs:2538:23)
      at castObjectId (C:\Users\Ayan\Desktop\FSAD\Chess_game\server\node_modules\mongoose\lib\cast\objectid.js:25:12)
      at SchemaObjectId.cast (C:\Users\Ayan\Desktop\FSAD\Chess_game\server\node_modules\mongoose\lib\schema\objectId.js:251:12)
      at SchemaType.applySetters (C:\Users\Ayan\Desktop\FSAD\Chess_game\server\node_modules\mongoose\lib\schemaType.js:1288:12)
      at SchemaType.castForQuery (C:\Users\Ayan\Desktop\FSAD\Chess_game\server\node_modules\mongoose\lib\schemaType.js:1718:17)
      at cast (C:\Users\Ayan\Desktop\FSAD\Chess_game\server\node_modules\mongoose\lib\cast.js:390:32)
      at Query.cast (C:\Users\Ayan\Desktop\FSAD\Chess_game\server\node_modules\mongoose\lib\query.js:5060:12)
      at Query._castConditions (C:\Users\Ayan\Desktop\FSAD\Chess_game\server\node_modules\mongoose\lib\query.js:2374:10)
      at model.Query._findOne (C:\Users\Ayan\Desktop\FSAD\Chess_game\server\node_modules\mongoose\lib\query.js:2697:8)
      at model.Query.exec (C:\Users\Ayan\Desktop\FSAD\Chess_game\server\node_modules\mongoose\lib\query.js:4627:80),
  valueType: 'string'
}
endGame error: CastError: Cast to ObjectId failed for value "user_redis_1" (type string) at path "_id" for model "User"
    at SchemaObjectId.cast (C:\Users\Ayan\Desktop\FSAD\Chess_game\server\node_modules\mongoose\lib\schema\objectId.js:253:11)
    at SchemaType.applySetters (C:\Users\Ayan\Desktop\FSAD\Chess_game\server\node_modules\mongoose\lib\schemaType.js:1288:12)
    at SchemaType.castForQuery (C:\Users\Ayan\Desktop\FSAD\Chess_game\server\node_modules\mongoose\lib\schemaType.js:1718:17)
    at cast (C:\Users\Ayan\Desktop\FSAD\Chess_game\server\node_modules\mongoose\lib\cast.js:390:32)
    at Query.cast (C:\Users\Ayan\Desktop\FSAD\Chess_game\server\node_modules\mongoose\lib\query.js:5060:12)
    at Query._castConditions (C:\Users\Ayan\Desktop\FSAD\Chess_game\server\node_modules\mongoose\lib\query.js:2374:10)
    at model.Query._findOne (C:\Users\Ayan\Desktop\FSAD\Chess_game\server\node_modules\mongoose\lib\query.js:2697:8)
    at model.Query.exec (C:\Users\Ayan\Desktop\FSAD\Chess_game\server\node_modules\mongoose\lib\query.js:4627:80)
    at process.processTicksAndRejections (node:internal/process/task_queues:105:5)
    at async endGame (C:\Users\Ayan\Desktop\FSAD\Chess_game\server\src\services\endGame.js:17:69) {
  stringValue: '"user_redis_1"',
  messageFormat: undefined,
  kind: 'ObjectId',
  value: 'user_redis_1',
  path: '_id',
  reason: BSONError: input must be a 24 character hex string, 12 byte Uint8Array, or an integer
      at new ObjectId (C:\Users\Ayan\Desktop\FSAD\Chess_game\server\node_modules\bson\lib\bson.cjs:2538:23)
      at castObjectId (C:\Users\Ayan\Desktop\FSAD\Chess_game\server\node_modules\mongoose\lib\cast\objectid.js:25:12)
      at SchemaObjectId.cast (C:\Users\Ayan\Desktop\FSAD\Chess_game\server\node_modules\mongoose\lib\schema\objectId.js:251:12)
      at SchemaType.applySetters (C:\Users\Ayan\Desktop\FSAD\Chess_game\server\node_modules\mongoose\lib\schemaType.js:1288:12)
      at SchemaType.castForQuery (C:\Users\Ayan\Desktop\FSAD\Chess_game\server\node_modules\mongoose\lib\schemaType.js:1718:17)
      at cast (C:\Users\Ayan\Desktop\FSAD\Chess_game\server\node_modules\mongoose\lib\cast.js:390:32)
      at Query.cast (C:\Users\Ayan\Desktop\FSAD\Chess_game\server\node_modules\mongoose\lib\query.js:5060:12)
      at Query._castConditions (C:\Users\Ayan\Desktop\FSAD\Chess_game\server\node_modules\mongoose\lib\query.js:2374:10)
      at model.Query._findOne (C:\Users\Ayan\Desktop\FSAD\Chess_game\server\node_modules\mongoose\lib\query.js:2697:8)
      at model.Query.exec (C:\Users\Ayan\Desktop\FSAD\Chess_game\server\node_modules\mongoose\lib\query.js:4627:80),
  valueType: 'string'
}
computer_move error: Stockfish API returned failure
computer_move error: Stockfish API returned failure
